Added Component: Designator=C1(0402_C)
Add component. Clean all parameters for all variants
Add component (AddParameter): Name = "ComponentLink1Description"; Value = "供应商链接"; VariantName = "[No Variations]"
Add component (AddParameter): Name = "ComponentLink1URL"; Value = "http://www.szlcsc.com/product/details_1906.html"; VariantName = "[No Variations]"
Add component (AddParameter): Name = "Package"; Value = "0402"; VariantName = "[No Variations]"
Add component (AddParameter): Name = "Supplier"; Value = "LC"; VariantName = "[No Variations]"
Add component (AddParameter): Name = "SuppliersPartNumber"; Value = "C1554"; VariantName = "[No Variations]"
Added Component: Designator=C2(0402_C)
Add component. Clean all parameters for all variants
Add component (AddParameter): Name = "ComponentLink1Description"; Value = "供应商链接"; VariantName = "[No Variations]"
Add component (AddParameter): Name = "ComponentLink1URL"; Value = "http://www.szlcsc.com/product/details_1906.html"; VariantName = "[No Variations]"
Add component (AddParameter): Name = "Package"; Value = "0402"; VariantName = "[No Variations]"
Add component (AddParameter): Name = "Supplier"; Value = "LC"; VariantName = "[No Variations]"
Add component (AddParameter): Name = "SuppliersPartNumber"; Value = "C1554"; VariantName = "[No Variations]"
Added Component: Designator=C3(0402_C)
Add component. Clean all parameters for all variants
Add component (AddParameter): Name = "ComponentLink1Description"; Value = "供应商链接"; VariantName = "[No Variations]"
Add component (AddParameter): Name = "ComponentLink1URL"; Value = "http://www.szlcsc.com/product/details_1877.html"; VariantName = "[No Variations]"
Add component (AddParameter): Name = "Package"; Value = "0402"; VariantName = "[No Variations]"
Add component (AddParameter): Name = "Supplier"; Value = "LC"; VariantName = "[No Variations]"
Add component (AddParameter): Name = "SuppliersPartNumber"; Value = "C1525"; VariantName = "[No Variations]"
Added Component: Designator=C4(0402_C)
Add component. Clean all parameters for all variants
Add component (AddParameter): Name = "ComponentLink1Description"; Value = "供应商链接"; VariantName = "[No Variations]"
Add component (AddParameter): Name = "ComponentLink1URL"; Value = "http://www.szlcsc.com/product/details_1899.html"; VariantName = "[No Variations]"
Add component (AddParameter): Name = "Package"; Value = "0402"; VariantName = "[No Variations]"
Add component (AddParameter): Name = "Supplier"; Value = "LC"; VariantName = "[No Variations]"
Add component (AddParameter): Name = "SuppliersPartNumber"; Value = "C1547"; VariantName = "[No Variations]"
Added Component: Designator=C5(0402_C)
Add component. Clean all parameters for all variants
Add component (AddParameter): Name = "ComponentLink1Description"; Value = "供应商链接"; VariantName = "[No Variations]"
Add component (AddParameter): Name = "ComponentLink1URL"; Value = "http://www.szlcsc.com/product/details_1899.html"; VariantName = "[No Variations]"
Add component (AddParameter): Name = "Package"; Value = "0402"; VariantName = "[No Variations]"
Add component (AddParameter): Name = "Supplier"; Value = "LC"; VariantName = "[No Variations]"
Add component (AddParameter): Name = "SuppliersPartNumber"; Value = "C1547"; VariantName = "[No Variations]"
Added Component: Designator=C6(0402_C)
Add component. Clean all parameters for all variants
Add component (AddParameter): Name = "ComponentLink1Description"; Value = "供应商链接"; VariantName = "[No Variations]"
Add component (AddParameter): Name = "ComponentLink1URL"; Value = "http://www.szlcsc.com/product/details_1877.html"; VariantName = "[No Variations]"
Add component (AddParameter): Name = "Package"; Value = "0402"; VariantName = "[No Variations]"
Add component (AddParameter): Name = "Supplier"; Value = "LC"; VariantName = "[No Variations]"
Add component (AddParameter): Name = "SuppliersPartNumber"; Value = "C1525"; VariantName = "[No Variations]"
Added Component: Designator=C7(CASE-B_3528)
Add component. Clean all parameters for all variants
Add component (AddParameter): Name = "ComponentLink1Description"; Value = "供应商链接"; VariantName = "[No Variations]"
Add component (AddParameter): Name = "ComponentLink1URL"; Value = "http://www.szlcsc.com/product/details_16815.html"; VariantName = "[No Variations]"
Add component (AddParameter): Name = "Notepad"; Value = ""; VariantName = "[No Variations]"
Add component (AddParameter): Name = "Package"; Value = "3528"; VariantName = "[No Variations]"
Add component (AddParameter): Name = "Supplier"; Value = "LC"; VariantName = "[No Variations]"
Add component (AddParameter): Name = "SuppliersPartNumber"; Value = "C16133"; VariantName = "[No Variations]"
Added Component: Designator=C8(0402_C)
Add component. Clean all parameters for all variants
Add component (AddParameter): Name = "ComponentLink1Description"; Value = "供应商链接"; VariantName = "[No Variations]"
Add component (AddParameter): Name = "ComponentLink1URL"; Value = "http://www.szlcsc.com/product/details_1877.html"; VariantName = "[No Variations]"
Add component (AddParameter): Name = "Package"; Value = "0402"; VariantName = "[No Variations]"
Add component (AddParameter): Name = "Supplier"; Value = "LC"; VariantName = "[No Variations]"
Add component (AddParameter): Name = "SuppliersPartNumber"; Value = "C1525"; VariantName = "[No Variations]"
Added Component: Designator=C9(0402_C)
Add component. Clean all parameters for all variants
Add component (AddParameter): Name = "ComponentLink1Description"; Value = "供应商链接"; VariantName = "[No Variations]"
Add component (AddParameter): Name = "ComponentLink1URL"; Value = "http://www.szlcsc.com/product/details_1877.html"; VariantName = "[No Variations]"
Add component (AddParameter): Name = "Package"; Value = "0402"; VariantName = "[No Variations]"
Add component (AddParameter): Name = "Supplier"; Value = "LC"; VariantName = "[No Variations]"
Add component (AddParameter): Name = "SuppliersPartNumber"; Value = "C1525"; VariantName = "[No Variations]"
Added Component: Designator=C10(0402_C)
Add component. Clean all parameters for all variants
Add component (AddParameter): Name = "ComponentLink1Description"; Value = "供应商链接"; VariantName = "[No Variations]"
Add component (AddParameter): Name = "ComponentLink1URL"; Value = "http://www.szlcsc.com/product/details_1877.html"; VariantName = "[No Variations]"
Add component (AddParameter): Name = "Notepad"; Value = ""; VariantName = "[No Variations]"
Add component (AddParameter): Name = "Package"; Value = "0402"; VariantName = "[No Variations]"
Add component (AddParameter): Name = "Supplier"; Value = "LC"; VariantName = "[No Variations]"
Add component (AddParameter): Name = "SuppliersPartNumber"; Value = "C1525"; VariantName = "[No Variations]"
Added Component: Designator=C11(0402_C)
Add component. Clean all parameters for all variants
Add component (AddParameter): Name = "ComponentLink1Description"; Value = "供应商链接"; VariantName = "[No Variations]"
Add component (AddParameter): Name = "ComponentLink1URL"; Value = "http://www.szlcsc.com/product/details_1877.html"; VariantName = "[No Variations]"
Add component (AddParameter): Name = "Notepad"; Value = ""; VariantName = "[No Variations]"
Add component (AddParameter): Name = "Package"; Value = "0402"; VariantName = "[No Variations]"
Add component (AddParameter): Name = "Supplier"; Value = "LC"; VariantName = "[No Variations]"
Add component (AddParameter): Name = "SuppliersPartNumber"; Value = "C1525"; VariantName = "[No Variations]"
Added Component: Designator=C12(0402_C)
Add component. Clean all parameters for all variants
Add component (AddParameter): Name = "ComponentLink1Description"; Value = "供应商链接"; VariantName = "[No Variations]"
Add component (AddParameter): Name = "ComponentLink1URL"; Value = "http://www.szlcsc.com/product/details_1877.html"; VariantName = "[No Variations]"
Add component (AddParameter): Name = "Package"; Value = "0402"; VariantName = "[No Variations]"
Add component (AddParameter): Name = "Supplier"; Value = "LC"; VariantName = "[No Variations]"
Add component (AddParameter): Name = "SuppliersPartNumber"; Value = "C1525"; VariantName = "[No Variations]"
Added Component: Designator=C13(0402_C)
Add component. Clean all parameters for all variants
Add component (AddParameter): Name = "ComponentLink1Description"; Value = "供应商链接"; VariantName = "[No Variations]"
Add component (AddParameter): Name = "ComponentLink1URL"; Value = "http://www.szlcsc.com/product/details_1877.html"; VariantName = "[No Variations]"
Add component (AddParameter): Name = "Notepad"; Value = ""; VariantName = "[No Variations]"
Add component (AddParameter): Name = "Package"; Value = "0402"; VariantName = "[No Variations]"
Add component (AddParameter): Name = "Supplier"; Value = "LC"; VariantName = "[No Variations]"
Add component (AddParameter): Name = "SuppliersPartNumber"; Value = "C1525"; VariantName = "[No Variations]"
Added Component: Designator=C14(0402_C)
Add component. Clean all parameters for all variants
Add component (AddParameter): Name = "ComponentLink1Description"; Value = "供应商链接"; VariantName = "[No Variations]"
Add component (AddParameter): Name = "ComponentLink1URL"; Value = "http://www.szlcsc.com/product/details_1877.html"; VariantName = "[No Variations]"
Add component (AddParameter): Name = "Package"; Value = "0402"; VariantName = "[No Variations]"
Add component (AddParameter): Name = "Supplier"; Value = "LC"; VariantName = "[No Variations]"
Add component (AddParameter): Name = "SuppliersPartNumber"; Value = "C1525"; VariantName = "[No Variations]"
Added Component: Designator=C15(0402_C)
Add component. Clean all parameters for all variants
Add component (AddParameter): Name = "ComponentLink1Description"; Value = "供应商链接"; VariantName = "[No Variations]"
Add component (AddParameter): Name = "ComponentLink1URL"; Value = "http://www.szlcsc.com/product/details_1907.html"; VariantName = "[No Variations]"
Add component (AddParameter): Name = "Notepad"; Value = ""; VariantName = "[No Variations]"
Add component (AddParameter): Name = "Package"; Value = "0402"; VariantName = "[No Variations]"
Add component (AddParameter): Name = "Supplier"; Value = "LC"; VariantName = "[No Variations]"
Add component (AddParameter): Name = "SuppliersPartNumber"; Value = "C1555"; VariantName = "[No Variations]"
Added Component: Designator=C16(0805_C)
Add component. Clean all parameters for all variants
Add component (AddParameter): Name = "ComponentLink1Description"; Value = "供应商链接"; VariantName = "[No Variations]"
Add component (AddParameter): Name = "ComponentLink1URL"; Value = "http://www.szlcsc.com/product/details_16532.html"; VariantName = "[No Variations]"
Add component (AddParameter): Name = "Notepad"; Value = ""; VariantName = "[No Variations]"
Add component (AddParameter): Name = "Package"; Value = "0805"; VariantName = "[No Variations]"
Add component (AddParameter): Name = "Supplier"; Value = "LC"; VariantName = "[No Variations]"
Add component (AddParameter): Name = "SuppliersPartNumber"; Value = "C15850"; VariantName = "[No Variations]"
Added Component: Designator=C17(CASE-B_3528)
Add component. Clean all parameters for all variants
Add component (AddParameter): Name = "ComponentLink1Description"; Value = "供应商链接"; VariantName = "[No Variations]"
Add component (AddParameter): Name = "ComponentLink1URL"; Value = "http://www.szlcsc.com/product/details_16815.html"; VariantName = "[No Variations]"
Add component (AddParameter): Name = "Package"; Value = "3528"; VariantName = "[No Variations]"
Add component (AddParameter): Name = "Supplier"; Value = "LC"; VariantName = "[No Variations]"
Add component (AddParameter): Name = "SuppliersPartNumber"; Value = "C16133"; VariantName = "[No Variations]"
Added Component: Designator=C18(0603_C)
Add component. Clean all parameters for all variants
Add component (AddParameter): Name = "ComponentLink1Description"; Value = "供应商链接"; VariantName = "[No Variations]"
Add component (AddParameter): Name = "ComponentLink1URL"; Value = "http://www.szlcsc.com/product/details_20411.html"; VariantName = "[No Variations]"
Add component (AddParameter): Name = "Package"; Value = "0603"; VariantName = "[No Variations]"
Add component (AddParameter): Name = "Supplier"; Value = "LC"; VariantName = "[No Variations]"
Add component (AddParameter): Name = "SuppliersPartNumber"; Value = "C19702"; VariantName = "[No Variations]"
Added Component: Designator=C19(1206_C)
Add component. Clean all parameters for all variants
Add component (AddParameter): Name = "ComponentLink1Description"; Value = "供应商链接"; VariantName = "[No Variations]"
Add component (AddParameter): Name = "ComponentLink1URL"; Value = "http://www.szlcsc.com/product/details_14236.html"; VariantName = "[No Variations]"
Add component (AddParameter): Name = "Package"; Value = "1206"; VariantName = "[No Variations]"
Add component (AddParameter): Name = "Supplier"; Value = "LC"; VariantName = "[No Variations]"
Add component (AddParameter): Name = "SuppliersPartNumber"; Value = "C13585"; VariantName = "[No Variations]"
Added Component: Designator=C20(CASE-B_3528)
Add component. Clean all parameters for all variants
Add component (AddParameter): Name = "ComponentLink1Description"; Value = "供应商链接"; VariantName = "[No Variations]"
Add component (AddParameter): Name = "ComponentLink1URL"; Value = "http://www.szlcsc.com/product/details_16815.html"; VariantName = "[No Variations]"
Add component (AddParameter): Name = "Notepad"; Value = ""; VariantName = "[No Variations]"
Add component (AddParameter): Name = "Package"; Value = "3528"; VariantName = "[No Variations]"
Add component (AddParameter): Name = "Supplier"; Value = "LC"; VariantName = "[No Variations]"
Add component (AddParameter): Name = "SuppliersPartNumber"; Value = "C16133"; VariantName = "[No Variations]"
Added Component: Designator=C21(0402_C)
Add component. Clean all parameters for all variants
Add component (AddParameter): Name = "ComponentLink1Description"; Value = "供应商链接"; VariantName = "[No Variations]"
Add component (AddParameter): Name = "ComponentLink1URL"; Value = "http://www.szlcsc.com/product/details_24469.html"; VariantName = "[No Variations]"
Add component (AddParameter): Name = "Package"; Value = "0402"; VariantName = "[No Variations]"
Add component (AddParameter): Name = "Supplier"; Value = "LC"; VariantName = "[No Variations]"
Add component (AddParameter): Name = "SuppliersPartNumber"; Value = "C23733"; VariantName = "[No Variations]"
Added Component: Designator=C22(0402_C)
Add component. Clean all parameters for all variants
Add component (AddParameter): Name = "ComponentLink1Description"; Value = "供应商链接"; VariantName = "[No Variations]"
Add component (AddParameter): Name = "ComponentLink1URL"; Value = "http://www.szlcsc.com/product/details_1877.html"; VariantName = "[No Variations]"
Add component (AddParameter): Name = "Package"; Value = "0402"; VariantName = "[No Variations]"
Add component (AddParameter): Name = "Supplier"; Value = "LC"; VariantName = "[No Variations]"
Add component (AddParameter): Name = "SuppliersPartNumber"; Value = "C1525"; VariantName = "[No Variations]"
Added Component: Designator=C23(0402_C)
Add component. Clean all parameters for all variants
Add component (AddParameter): Name = "ComponentLink1Description"; Value = "供应商链接"; VariantName = "[No Variations]"
Add component (AddParameter): Name = "ComponentLink1URL"; Value = "http://www.szlcsc.com/product/details_53938.html"; VariantName = "[No Variations]"
Add component (AddParameter): Name = "Package"; Value = "0402"; VariantName = "[No Variations]"
Add component (AddParameter): Name = "Supplier"; Value = "LC"; VariantName = "[No Variations]"
Add component (AddParameter): Name = "SuppliersPartNumber"; Value = "C52923"; VariantName = "[No Variations]"
Added Component: Designator=C24(0402_C)
Add component. Clean all parameters for all variants
Add component (AddParameter): Name = "ComponentLink1Description"; Value = "供应商链接"; VariantName = "[No Variations]"
Add component (AddParameter): Name = "ComponentLink1URL"; Value = "http://www.szlcsc.com/product/details_1914.html"; VariantName = "[No Variations]"
Add component (AddParameter): Name = "Package"; Value = "0402"; VariantName = "[No Variations]"
Add component (AddParameter): Name = "Supplier"; Value = "LC"; VariantName = "[No Variations]"
Add component (AddParameter): Name = "SuppliersPartNumber"; Value = "C1562"; VariantName = "[No Variations]"
Added Component: Designator=C25(0402_C)
Add component. Clean all parameters for all variants
Add component (AddParameter): Name = "ComponentLink1Description"; Value = "供应商链接"; VariantName = "[No Variations]"
Add component (AddParameter): Name = "ComponentLink1URL"; Value = "http://www.szlcsc.com/product/details_1914.html"; VariantName = "[No Variations]"
Add component (AddParameter): Name = "Package"; Value = "0402"; VariantName = "[No Variations]"
Add component (AddParameter): Name = "Supplier"; Value = "LC"; VariantName = "[No Variations]"
Add component (AddParameter): Name = "SuppliersPartNumber"; Value = "C1562"; VariantName = "[No Variations]"
Added Component: Designator=C26(0402_C)
Add component. Clean all parameters for all variants
Add component (AddParameter): Name = "ComponentLink1Description"; Value = "供应商链接"; VariantName = "[No Variations]"
Add component (AddParameter): Name = "ComponentLink1URL"; Value = "http://www.szlcsc.com/product/details_1877.html"; VariantName = "[No Variations]"
Add component (AddParameter): Name = "Package"; Value = "0402"; VariantName = "[No Variations]"
Add component (AddParameter): Name = "Supplier"; Value = "LC"; VariantName = "[No Variations]"
Add component (AddParameter): Name = "SuppliersPartNumber"; Value = "C1525"; VariantName = "[No Variations]"
Added Component: Designator=C27(0402_C)
Add component. Clean all parameters for all variants
Add component (AddParameter): Name = "ComponentLink1Description"; Value = "供应商链接"; VariantName = "[No Variations]"
Add component (AddParameter): Name = "ComponentLink1URL"; Value = "http://www.szlcsc.com/product/details_1914.html"; VariantName = "[No Variations]"
Add component (AddParameter): Name = "Package"; Value = "0402"; VariantName = "[No Variations]"
Add component (AddParameter): Name = "Supplier"; Value = "LC"; VariantName = "[No Variations]"
Add component (AddParameter): Name = "SuppliersPartNumber"; Value = "C1562"; VariantName = "[No Variations]"
Added Component: Designator=C28(0402_C)
Add component. Clean all parameters for all variants
Add component (AddParameter): Name = "ComponentLink1Description"; Value = "供应商链接"; VariantName = "[No Variations]"
Add component (AddParameter): Name = "ComponentLink1URL"; Value = "http://www.szlcsc.com/product/details_1877.html"; VariantName = "[No Variations]"
Add component (AddParameter): Name = "Package"; Value = "0402"; VariantName = "[No Variations]"
Add component (AddParameter): Name = "Supplier"; Value = "LC"; VariantName = "[No Variations]"
Add component (AddParameter): Name = "SuppliersPartNumber"; Value = "C1525"; VariantName = "[No Variations]"
Added Component: Designator=C29(0402_C)
Add component. Clean all parameters for all variants
Add component (AddParameter): Name = "ComponentLink1Description"; Value = "供应商链接"; VariantName = "[No Variations]"
Add component (AddParameter): Name = "ComponentLink1URL"; Value = "http://www.szlcsc.com/product/details_15869.html"; VariantName = "[No Variations]"
Add component (AddParameter): Name = "Package"; Value = "0402"; VariantName = "[No Variations]"
Add component (AddParameter): Name = "Supplier"; Value = "LC"; VariantName = "[No Variations]"
Add component (AddParameter): Name = "SuppliersPartNumber"; Value = "C15195"; VariantName = "[No Variations]"
Added Component: Designator=C30(CASE-B_3528)
Add component. Clean all parameters for all variants
Add component (AddParameter): Name = "ComponentLink1Description"; Value = "供应商链接"; VariantName = "[No Variations]"
Add component (AddParameter): Name = "ComponentLink1URL"; Value = "http://www.szlcsc.com/product/details_16815.html"; VariantName = "[No Variations]"
Add component (AddParameter): Name = "Package"; Value = "3528"; VariantName = "[No Variations]"
Add component (AddParameter): Name = "Supplier"; Value = "LC"; VariantName = "[No Variations]"
Add component (AddParameter): Name = "SuppliersPartNumber"; Value = "C16133"; VariantName = "[No Variations]"
Added Component: Designator=D1(0603_LED_S1)
Add component. Clean all parameters for all variants
Add component (AddParameter): Name = "ComponentLink1Description"; Value = "供应商链接"; VariantName = "[No Variations]"
Add component (AddParameter): Name = "ComponentLink1URL"; Value = "http://www.szlcsc.com/product/details_73152.html"; VariantName = "[No Variations]"
Add component (AddParameter): Name = "Package"; Value = "0603"; VariantName = "[No Variations]"
Add component (AddParameter): Name = "Supplier"; Value = "LC"; VariantName = "[No Variations]"
Add component (AddParameter): Name = "SuppliersPartNumber"; Value = "C72043"; VariantName = "[No Variations]"
Added Component: Designator=D2(0603_LED_S1)
Add component. Clean all parameters for all variants
Add component (AddParameter): Name = "ComponentLink1Description"; Value = "供应商链接"; VariantName = "[No Variations]"
Add component (AddParameter): Name = "ComponentLink1URL"; Value = "http://www.szlcsc.com/product/details_2659.html"; VariantName = "[No Variations]"
Add component (AddParameter): Name = "Notepad"; Value = ""; VariantName = "[No Variations]"
Add component (AddParameter): Name = "Package"; Value = "0603"; VariantName = "[No Variations]"
Add component (AddParameter): Name = "Supplier"; Value = "LC"; VariantName = "[No Variations]"
Add component (AddParameter): Name = "SuppliersPartNumber"; Value = "C2286"; VariantName = "[No Variations]"
Added Component: Designator=D3(SMA(DO-214AC)_S1)
Add component. Clean all parameters for all variants
Add component (AddParameter): Name = "ComponentLink1Description"; Value = "供应商链接"; VariantName = "[No Variations]"
Add component (AddParameter): Name = "ComponentLink1URL"; Value = "http://www.szlcsc.com/product/details_2841.html"; VariantName = "[No Variations]"
Add component (AddParameter): Name = "Package"; Value = "SMA(DO-214AC)"; VariantName = "[No Variations]"
Add component (AddParameter): Name = "Supplier"; Value = "LC"; VariantName = "[No Variations]"
Add component (AddParameter): Name = "SuppliersPartNumber"; Value = "C95872"; VariantName = "[No Variations]"
Add component (AddParameter): Name = "备注"; Value = "1N4007 4007 编号C2464 已经停售, 使用新物料编号C95872"; VariantName = "[No Variations]"
Added Component: Designator=J1(IPX_SMT)
Add component. Clean all parameters for all variants
Add component (AddParameter): Name = "LatestRevisionDate"; Value = "17-Jul-2002"; VariantName = "[No Variations]"
Add component (AddParameter): Name = "LatestRevisionNote"; Value = "Re-released for DXP Platform."; VariantName = "[No Variations]"
Add component (AddParameter): Name = "Publisher"; Value = "Altium Limited"; VariantName = "[No Variations]"
Added Component: Designator=L1(0603_L)
Add component. Clean all parameters for all variants
Add component (AddParameter): Name = "ComponentLink1Description"; Value = "供应商链接"; VariantName = "[No Variations]"
Add component (AddParameter): Name = "ComponentLink1URL"; Value = "http://www.szlcsc.com/product/details_1387.html"; VariantName = "[No Variations]"
Add component (AddParameter): Name = "Package"; Value = "0603"; VariantName = "[No Variations]"
Add component (AddParameter): Name = "Supplier"; Value = "LC"; VariantName = "[No Variations]"
Add component (AddParameter): Name = "SuppliersPartNumber"; Value = "C1035"; VariantName = "[No Variations]"
Added Component: Designator=P1(HDR1X4)
Add component. Clean all parameters for all variants
Add component (AddParameter): Name = "LatestRevisionDate"; Value = "17-Jul-2002"; VariantName = "[No Variations]"
Add component (AddParameter): Name = "LatestRevisionNote"; Value = "Re-released for DXP Platform."; VariantName = "[No Variations]"
Add component (AddParameter): Name = "Publisher"; Value = "Altium Limited"; VariantName = "[No Variations]"
Added Component: Designator=P2(HDR1X2)
Add component. Clean all parameters for all variants
Add component (AddParameter): Name = "LatestRevisionDate"; Value = "17-Jul-2002"; VariantName = "[No Variations]"
Add component (AddParameter): Name = "LatestRevisionNote"; Value = "Re-released for DXP Platform."; VariantName = "[No Variations]"
Add component (AddParameter): Name = "Publisher"; Value = "Altium Limited"; VariantName = "[No Variations]"
Added Component: Designator=P3(HDR1X4)
Add component. Clean all parameters for all variants
Add component (AddParameter): Name = "LatestRevisionDate"; Value = "17-Jul-2002"; VariantName = "[No Variations]"
Add component (AddParameter): Name = "LatestRevisionNote"; Value = "Re-released for DXP Platform."; VariantName = "[No Variations]"
Add component (AddParameter): Name = "Publisher"; Value = "Altium Limited"; VariantName = "[No Variations]"
Added Component: Designator=P4(HDR1X4)
Add component. Clean all parameters for all variants
Add component (AddParameter): Name = "LatestRevisionDate"; Value = "17-Jul-2002"; VariantName = "[No Variations]"
Add component (AddParameter): Name = "LatestRevisionNote"; Value = "Re-released for DXP Platform."; VariantName = "[No Variations]"
Add component (AddParameter): Name = "Publisher"; Value = "Altium Limited"; VariantName = "[No Variations]"
Added Component: Designator=P5(HDR1X4)
Add component. Clean all parameters for all variants
Add component (AddParameter): Name = "LatestRevisionDate"; Value = "17-Jul-2002"; VariantName = "[No Variations]"
Add component (AddParameter): Name = "LatestRevisionNote"; Value = "Re-released for DXP Platform."; VariantName = "[No Variations]"
Add component (AddParameter): Name = "Publisher"; Value = "Altium Limited"; VariantName = "[No Variations]"
Added Component: Designator=P?(HDR1X2)
Add component. Clean all parameters for all variants
Add component (AddParameter): Name = "LatestRevisionDate"; Value = "17-Jul-2002"; VariantName = "[No Variations]"
Add component (AddParameter): Name = "LatestRevisionNote"; Value = "Re-released for DXP Platform."; VariantName = "[No Variations]"
Add component (AddParameter): Name = "Publisher"; Value = "Altium Limited"; VariantName = "[No Variations]"
Added Component: Designator=Q1(SOT-23(SOT-23-3))
Add component. Clean all parameters for all variants
Add component (AddParameter): Name = "ComponentLink1Description"; Value = "供应商链接"; VariantName = "[No Variations]"
Add component (AddParameter): Name = "ComponentLink1URL"; Value = "http://www.szlcsc.com/product/details_2507.html"; VariantName = "[No Variations]"
Add component (AddParameter): Name = "Notepad"; Value = ""; VariantName = "[No Variations]"
Add component (AddParameter): Name = "Package"; Value = "SOT-23"; VariantName = "[No Variations]"
Add component (AddParameter): Name = "Supplier"; Value = "LC"; VariantName = "[No Variations]"
Add component (AddParameter): Name = "SuppliersPartNumber"; Value = "C2150"; VariantName = "[No Variations]"
Added Component: Designator=R1(0402_R)
Add component. Clean all parameters for all variants
Add component (AddParameter): Name = "ComponentLink1Description"; Value = "供应商链接"; VariantName = "[No Variations]"
Add component (AddParameter): Name = "ComponentLink1URL"; Value = "http://www.szlcsc.com/product/details_26535.html"; VariantName = "[No Variations]"
Add component (AddParameter): Name = "Package"; Value = "0402"; VariantName = "[No Variations]"
Add component (AddParameter): Name = "Supplier"; Value = "LC"; VariantName = "[No Variations]"
Add component (AddParameter): Name = "SuppliersPartNumber"; Value = "C25792"; VariantName = "[No Variations]"
Added Component: Designator=R2(0402_R)
Add component. Clean all parameters for all variants
Add component (AddParameter): Name = "ComponentLink1Description"; Value = "供应商链接"; VariantName = "[No Variations]"
Add component (AddParameter): Name = "ComponentLink1URL"; Value = "http://www.szlcsc.com/product/details_12256.html"; VariantName = "[No Variations]"
Add component (AddParameter): Name = "Package"; Value = "0402"; VariantName = "[No Variations]"
Add component (AddParameter): Name = "Supplier"; Value = "LC"; VariantName = "[No Variations]"
Add component (AddParameter): Name = "SuppliersPartNumber"; Value = "C11702"; VariantName = "[No Variations]"
Added Component: Designator=R3(0402_R)
Add component. Clean all parameters for all variants
Add component (AddParameter): Name = "ComponentLink1Description"; Value = "供应商链接"; VariantName = "[No Variations]"
Add component (AddParameter): Name = "ComponentLink1URL"; Value = "http://www.szlcsc.com/product/details_12256.html"; VariantName = "[No Variations]"
Add component (AddParameter): Name = "Package"; Value = "0402"; VariantName = "[No Variations]"
Add component (AddParameter): Name = "Supplier"; Value = "LC"; VariantName = "[No Variations]"
Add component (AddParameter): Name = "SuppliersPartNumber"; Value = "C11702"; VariantName = "[No Variations]"
Added Component: Designator=R4(0402_R)
Add component. Clean all parameters for all variants
Add component (AddParameter): Name = "ComponentLink1Description"; Value = "供应商链接"; VariantName = "[No Variations]"
Add component (AddParameter): Name = "ComponentLink1URL"; Value = "http://www.szlcsc.com/product/details_26643.html"; VariantName = "[No Variations]"
Add component (AddParameter): Name = "Notepad"; Value = ""; VariantName = "[No Variations]"
Add component (AddParameter): Name = "Package"; Value = "0402"; VariantName = "[No Variations]"
Add component (AddParameter): Name = "Supplier"; Value = "LC"; VariantName = "[No Variations]"
Add component (AddParameter): Name = "SuppliersPartNumber"; Value = "C25900"; VariantName = "[No Variations]"
Added Component: Designator=R5(0402_R)
Add component. Clean all parameters for all variants
Add component (AddParameter): Name = "ComponentLink1Description"; Value = "供应商链接"; VariantName = "[No Variations]"
Add component (AddParameter): Name = "ComponentLink1URL"; Value = "http://www.szlcsc.com/product/details_26643.html"; VariantName = "[No Variations]"
Add component (AddParameter): Name = "Notepad"; Value = ""; VariantName = "[No Variations]"
Add component (AddParameter): Name = "Package"; Value = "0402"; VariantName = "[No Variations]"
Add component (AddParameter): Name = "Supplier"; Value = "LC"; VariantName = "[No Variations]"
Add component (AddParameter): Name = "SuppliersPartNumber"; Value = "C25900"; VariantName = "[No Variations]"
Added Component: Designator=R6(0402_R)
Add component. Clean all parameters for all variants
Add component (AddParameter): Name = "ComponentLink1Description"; Value = "供应商链接"; VariantName = "[No Variations]"
Add component (AddParameter): Name = "ComponentLink1URL"; Value = "http://www.szlcsc.com/product/details_26535.html"; VariantName = "[No Variations]"
Add component (AddParameter): Name = "Notepad"; Value = ""; VariantName = "[No Variations]"
Add component (AddParameter): Name = "Package"; Value = "0402"; VariantName = "[No Variations]"
Add component (AddParameter): Name = "Supplier"; Value = "LC"; VariantName = "[No Variations]"
Add component (AddParameter): Name = "SuppliersPartNumber"; Value = "C25792"; VariantName = "[No Variations]"
Added Component: Designator=R7(0402_R)
Add component. Clean all parameters for all variants
Add component (AddParameter): Name = "ComponentLink1Description"; Value = "供应商链接"; VariantName = "[No Variations]"
Add component (AddParameter): Name = "ComponentLink1URL"; Value = "http://www.szlcsc.com/product/details_25819.html"; VariantName = "[No Variations]"
Add component (AddParameter): Name = "Notepad"; Value = ""; VariantName = "[No Variations]"
Add component (AddParameter): Name = "Package"; Value = "0402"; VariantName = "[No Variations]"
Add component (AddParameter): Name = "Supplier"; Value = "LC"; VariantName = "[No Variations]"
Add component (AddParameter): Name = "SuppliersPartNumber"; Value = "C25076"; VariantName = "[No Variations]"
Added Component: Designator=R8(0402_R)
Add component. Clean all parameters for all variants
Add component (AddParameter): Name = "ComponentLink1Description"; Value = "供应商链接"; VariantName = "[No Variations]"
Add component (AddParameter): Name = "ComponentLink1URL"; Value = "http://www.szlcsc.com/product/details_26826.html"; VariantName = "[No Variations]"
Add component (AddParameter): Name = "Notepad"; Value = ""; VariantName = "[No Variations]"
Add component (AddParameter): Name = "Package"; Value = "0402"; VariantName = "[No Variations]"
Add component (AddParameter): Name = "Supplier"; Value = "LC"; VariantName = "[No Variations]"
Add component (AddParameter): Name = "SuppliersPartNumber"; Value = "C26083"; VariantName = "[No Variations]"
Added Component: Designator=R9(0402_R)
Add component. Clean all parameters for all variants
Add component (AddParameter): Name = "ComponentLink1Description"; Value = "供应商链接"; VariantName = "[No Variations]"
Add component (AddParameter): Name = "ComponentLink1URL"; Value = "http://www.szlcsc.com/product/details_12256.html"; VariantName = "[No Variations]"
Add component (AddParameter): Name = "Notepad"; Value = ""; VariantName = "[No Variations]"
Add component (AddParameter): Name = "Package"; Value = "0402"; VariantName = "[No Variations]"
Add component (AddParameter): Name = "Supplier"; Value = "LC"; VariantName = "[No Variations]"
Add component (AddParameter): Name = "SuppliersPartNumber"; Value = "C11702"; VariantName = "[No Variations]"
Added Component: Designator=R10(0402_R)
Add component. Clean all parameters for all variants
Add component (AddParameter): Name = "ComponentLink1Description"; Value = "供应商链接"; VariantName = "[No Variations]"
Add component (AddParameter): Name = "ComponentLink1URL"; Value = "http://www.szlcsc.com/product/details_12256.html"; VariantName = "[No Variations]"
Add component (AddParameter): Name = "Notepad"; Value = ""; VariantName = "[No Variations]"
Add component (AddParameter): Name = "Package"; Value = "0402"; VariantName = "[No Variations]"
Add component (AddParameter): Name = "Supplier"; Value = "LC"; VariantName = "[No Variations]"
Add component (AddParameter): Name = "SuppliersPartNumber"; Value = "C11702"; VariantName = "[No Variations]"
Added Component: Designator=R11(0402_R)
Add component. Clean all parameters for all variants
Add component (AddParameter): Name = "ComponentLink1Description"; Value = "供应商链接"; VariantName = "[No Variations]"
Add component (AddParameter): Name = "ComponentLink1URL"; Value = "http://www.szlcsc.com/product/details_26487.html"; VariantName = "[No Variations]"
Add component (AddParameter): Name = "Package"; Value = "0402"; VariantName = "[No Variations]"
Add component (AddParameter): Name = "Supplier"; Value = "LC"; VariantName = "[No Variations]"
Add component (AddParameter): Name = "SuppliersPartNumber"; Value = "C25744"; VariantName = "[No Variations]"
Added Component: Designator=R12(0402_R)
Add component. Clean all parameters for all variants
Add component (AddParameter): Name = "ComponentLink1Description"; Value = "供应商链接"; VariantName = "[No Variations]"
Add component (AddParameter): Name = "ComponentLink1URL"; Value = "http://www.szlcsc.com/product/details_26507.html"; VariantName = "[No Variations]"
Add component (AddParameter): Name = "Package"; Value = "0402"; VariantName = "[No Variations]"
Add component (AddParameter): Name = "Supplier"; Value = "LC"; VariantName = "[No Variations]"
Add component (AddParameter): Name = "SuppliersPartNumber"; Value = "C25764"; VariantName = "[No Variations]"
Added Component: Designator=R13(0402_R)
Add component. Clean all parameters for all variants
Add component (AddParameter): Name = "ComponentLink1Description"; Value = "供应商链接"; VariantName = "[No Variations]"
Add component (AddParameter): Name = "ComponentLink1URL"; Value = "http://www.szlcsc.com/product/details_26487.html"; VariantName = "[No Variations]"
Add component (AddParameter): Name = "Package"; Value = "0402"; VariantName = "[No Variations]"
Add component (AddParameter): Name = "Supplier"; Value = "LC"; VariantName = "[No Variations]"
Add component (AddParameter): Name = "SuppliersPartNumber"; Value = "C25744"; VariantName = "[No Variations]"
Added Component: Designator=R14(0402_R)
Add component. Clean all parameters for all variants
Add component (AddParameter): Name = "ComponentLink1Description"; Value = "供应商链接"; VariantName = "[No Variations]"
Add component (AddParameter): Name = "ComponentLink1URL"; Value = "http://www.szlcsc.com/product/details_25835.html"; VariantName = "[No Variations]"
Add component (AddParameter): Name = "Package"; Value = "0402"; VariantName = "[No Variations]"
Add component (AddParameter): Name = "Supplier"; Value = "LC"; VariantName = "[No Variations]"
Add component (AddParameter): Name = "SuppliersPartNumber"; Value = "C25092"; VariantName = "[No Variations]"
Added Component: Designator=R15(0402_R)
Add component. Clean all parameters for all variants
Add component (AddParameter): Name = "ComponentLink1Description"; Value = "供应商链接"; VariantName = "[No Variations]"
Add component (AddParameter): Name = "ComponentLink1URL"; Value = "http://www.szlcsc.com/product/details_25835.html"; VariantName = "[No Variations]"
Add component (AddParameter): Name = "Package"; Value = "0402"; VariantName = "[No Variations]"
Add component (AddParameter): Name = "Supplier"; Value = "LC"; VariantName = "[No Variations]"
Add component (AddParameter): Name = "SuppliersPartNumber"; Value = "C25092"; VariantName = "[No Variations]"
Added Component: Designator=R16(0402_R)
Add component. Clean all parameters for all variants
Add component (AddParameter): Name = "ComponentLink1Description"; Value = "供应商链接"; VariantName = "[No Variations]"
Add component (AddParameter): Name = "ComponentLink1URL"; Value = "http://www.szlcsc.com/product/details_25835.html"; VariantName = "[No Variations]"
Add component (AddParameter): Name = "Package"; Value = "0402"; VariantName = "[No Variations]"
Add component (AddParameter): Name = "Supplier"; Value = "LC"; VariantName = "[No Variations]"
Add component (AddParameter): Name = "SuppliersPartNumber"; Value = "C25092"; VariantName = "[No Variations]"
Added Component: Designator=R17(0402_R)
Add component. Clean all parameters for all variants
Add component (AddParameter): Name = "ComponentLink1Description"; Value = "供应商链接"; VariantName = "[No Variations]"
Add component (AddParameter): Name = "ComponentLink1URL"; Value = "http://www.szlcsc.com/product/details_26484.html"; VariantName = "[No Variations]"
Add component (AddParameter): Name = "Package"; Value = "0402"; VariantName = "[No Variations]"
Add component (AddParameter): Name = "Supplier"; Value = "LC"; VariantName = "[No Variations]"
Add component (AddParameter): Name = "SuppliersPartNumber"; Value = "C25741"; VariantName = "[No Variations]"
Added Component: Designator=R18(0402_R)
Add component. Clean all parameters for all variants
Add component (AddParameter): Name = "ComponentLink1Description"; Value = "供应商链接"; VariantName = "[No Variations]"
Add component (AddParameter): Name = "ComponentLink1URL"; Value = "http://www.szlcsc.com/product/details_26487.html"; VariantName = "[No Variations]"
Add component (AddParameter): Name = "Package"; Value = "0402"; VariantName = "[No Variations]"
Add component (AddParameter): Name = "Supplier"; Value = "LC"; VariantName = "[No Variations]"
Add component (AddParameter): Name = "SuppliersPartNumber"; Value = "C25744"; VariantName = "[No Variations]"
Added Component: Designator=SIM1(microSIMauto)
Add component. Clean all parameters for all variants
Added Component: Designator=U1(LQFP-48_7x7x05P)
Add component. Clean all parameters for all variants
Add component (AddParameter): Name = "ComponentLink1Description"; Value = "供应商链接"; VariantName = "[No Variations]"
Add component (AddParameter): Name = "ComponentLink1URL"; Value = "http://www.szlcsc.com/product/details_10393.html"; VariantName = "[No Variations]"
Add component (AddParameter): Name = "Package"; Value = "LQFP-48_7x7x05P"; VariantName = "[No Variations]"
Add component (AddParameter): Name = "Supplier"; Value = "LC"; VariantName = "[No Variations]"
Add component (AddParameter): Name = "SuppliersPartNumber"; Value = "C9861"; VariantName = "[No Variations]"
Added Component: Designator=U2(bc26)
Add component. Clean all parameters for all variants
Add component (AddParameter): Name = "Geometry.Height"; Value = ""; VariantName = "[No Variations]"
Add component (AddParameter): Name = "Manufacturer"; Value = ""; VariantName = "[No Variations]"
Add component (AddParameter): Name = "Part Description"; Value = ""; VariantName = "[No Variations]"
Add component (AddParameter): Name = "PCB DECAL"; Value = ""; VariantName = "[No Variations]"
Add component (AddParameter): Name = "Value"; Value = ""; VariantName = "[No Variations]"
Added Component: Designator=U3(LC-WSON-10_2.5x2.5mm)
Add component. Clean all parameters for all variants
Added Component: Designator=U4(SIM-SOP)
Add component. Clean all parameters for all variants
Added Component: Designator=VR1(SOT-23-3L)
Add component. Clean all parameters for all variants
Add component (AddParameter): Name = "ComponentLink1Description"; Value = "供应商链接"; VariantName = "[No Variations]"
Add component (AddParameter): Name = "ComponentLink1URL"; Value = "http://www.szlcsc.com/product/details_5896.html"; VariantName = "[No Variations]"
Add component (AddParameter): Name = "Notepad"; Value = ""; VariantName = "[No Variations]"
Add component (AddParameter): Name = "Package"; Value = "SOT-23"; VariantName = "[No Variations]"
Add component (AddParameter): Name = "Supplier"; Value = "LC"; VariantName = "[No Variations]"
Add component (AddParameter): Name = "SuppliersPartNumber"; Value = "C5446"; VariantName = "[No Variations]"
Added Component: Designator=Y1(SMD-3215_2P FC - 135)
Add component. Clean all parameters for all variants
Add component (AddParameter): Name = "ComponentLink1Description"; Value = "供应商链接"; VariantName = "[No Variations]"
Add component (AddParameter): Name = "ComponentLink1URL"; Value = "http://www.szlcsc.com/product/details_33310.html"; VariantName = "[No Variations]"
Add component (AddParameter): Name = "Package"; Value = "SMD-3215_2P"; VariantName = "[No Variations]"
Add component (AddParameter): Name = "Supplier"; Value = "LC"; VariantName = "[No Variations]"
Add component (AddParameter): Name = "SuppliersPartNumber"; Value = "C32346"; VariantName = "[No Variations]"
Added Component: Designator=Y2(SMD-3225_4P)
Add component. Clean all parameters for all variants
Add component (AddParameter): Name = "ComponentLink1Description"; Value = "供应商链接"; VariantName = "[No Variations]"
Add component (AddParameter): Name = "ComponentLink1URL"; Value = "http://www.szlcsc.com/product/details_14393.html"; VariantName = "[No Variations]"
Add component (AddParameter): Name = "Package"; Value = "SMD-3225_4P"; VariantName = "[No Variations]"
Add component (AddParameter): Name = "Supplier"; Value = "LC"; VariantName = "[No Variations]"
Add component (AddParameter): Name = "SuppliersPartNumber"; Value = "C13738"; VariantName = "[No Variations]"
Added Pin To Net: NetName=GND Pin=C1-1
Added Pin To Net: NetName=NetC1_2 Pin=C1-2
Added Pin To Net: NetName=GND Pin=C2-1
Added Pin To Net: NetName=NetC2_2 Pin=C2-2
Added Pin To Net: NetName=GND Pin=C3-1
Added Pin To Net: NetName=RESET Pin=C3-2
Added Pin To Net: NetName=GND Pin=C4-2
Added Pin To Net: NetName=GND Pin=C5-2
Added Pin To Net: NetName=GND Pin=C6-1
Added Pin To Net: NetName=VCC_STM32 Pin=C6-2
Added Pin To Net: NetName=VCC_BC28 Pin=C7-1
Added Pin To Net: NetName=GND Pin=C7-2
Added Pin To Net: NetName=GND Pin=C8-1
Added Pin To Net: NetName=VCC_STM32 Pin=C8-2
Added Pin To Net: NetName=GND Pin=C9-1
Added Pin To Net: NetName=VCC_STM32 Pin=C9-2
Added Pin To Net: NetName=GND Pin=C10-1
Added Pin To Net: NetName=VCC_BC28 Pin=C10-2
Added Pin To Net: NetName=WAKE Pin=C11-1
Added Pin To Net: NetName=GND Pin=C12-1
Added Pin To Net: NetName=VCC_STM32 Pin=C12-2
Added Pin To Net: NetName=GND Pin=C13-1
Added Pin To Net: NetName=VCC_BC28 Pin=C13-2
Added Pin To Net: NetName=GND Pin=C14-1
Added Pin To Net: NetName=VCC_STM32 Pin=C14-2
Added Pin To Net: NetName=GND Pin=C15-1
Added Pin To Net: NetName=VCC_BC28 Pin=C15-2
Added Pin To Net: NetName=GND Pin=C16-1
Added Pin To Net: NetName=VCC_STM32 Pin=C16-2
Added Pin To Net: NetName=VCC_STM32 Pin=C17-1
Added Pin To Net: NetName=GND Pin=C17-2
Added Pin To Net: NetName=GND Pin=C18-1
Added Pin To Net: NetName=BATVCC Pin=C18-2
Added Pin To Net: NetName=GND Pin=C19-1
Added Pin To Net: NetName=BATVCC Pin=C19-2
Added Pin To Net: NetName=BATVCC Pin=C20-1
Added Pin To Net: NetName=GND Pin=C20-2
Added Pin To Net: NetName=GND Pin=C21-1
Added Pin To Net: NetName=BATVCC Pin=C21-2
Added Pin To Net: NetName=NetC22_2 Pin=C22-2
Added Pin To Net: NetName=GND Pin=C23-1
Added Pin To Net: NetName=NetC23_2 Pin=C23-2
Added Pin To Net: NetName=GND Pin=C24-1
Added Pin To Net: NetName=GND Pin=C25-1
Added Pin To Net: NetName=NetC25_2 Pin=C25-2
Added Pin To Net: NetName=SIM_VCC Pin=C26-1
Added Pin To Net: NetName=SIM_GND Pin=C26-2
Added Pin To Net: NetName=GND Pin=C27-1
Added Pin To Net: NetName=NetC27_2 Pin=C27-2
Added Pin To Net: NetName=GND Pin=C28-2
Added Pin To Net: NetName=NetC29_1 Pin=C29-1
Added Pin To Net: NetName=TEVS_VCC Pin=C29-2
Added Pin To Net: NetName=TEVS_VCC Pin=C30-1
Added Pin To Net: NetName=GND Pin=C30-2
Added Pin To Net: NetName=NetD1_A Pin=D1-A
Added Pin To Net: NetName=BLUE_LED Pin=D1-K
Added Pin To Net: NetName=NetD2_A Pin=D2-A
Added Pin To Net: NetName=RED_LED Pin=D2-K
Added Pin To Net: NetName=GND Pin=D3-1
Added Pin To Net: NetName=BATVCC Pin=D3-2
Added Pin To Net: NetName=NetJ1_1 Pin=J1-1
Added Pin To Net: NetName=GND Pin=J1-2
Added Pin To Net: NetName=GND Pin=J1-2
Added Pin To Net: NetName=BATVCC Pin=L1-1
Added Pin To Net: NetName=NetL1_2 Pin=L1-2
Added Pin To Net: NetName=GND Pin=P1-1
Added Pin To Net: NetName=STM32_DRX Pin=P1-2
Added Pin To Net: NetName=STM32_DTX Pin=P1-3
Added Pin To Net: NetName=VCC_STM32 Pin=P1-4
Added Pin To Net: NetName=WAKE Pin=P2-1
Added Pin To Net: NetName=VCC_STM32 Pin=P2-2
Added Pin To Net: NetName=VCC_STM32 Pin=P3-1
Added Pin To Net: NetName=SWDIO Pin=P3-2
Added Pin To Net: NetName=SWCLK Pin=P3-3
Added Pin To Net: NetName=GND Pin=P3-4
Added Pin To Net: NetName=VCC_BC28 Pin=P4-1
Added Pin To Net: NetName=TXD_DBG Pin=P4-2
Added Pin To Net: NetName=RXD_DBG Pin=P4-3
Added Pin To Net: NetName=GND Pin=P4-4
Added Pin To Net: NetName=TEVS_VCC Pin=P5-1
Added Pin To Net: NetName=STM32_DTX Pin=P5-2
Added Pin To Net: NetName=STM32_DRX Pin=P5-3
Added Pin To Net: NetName=GND Pin=P5-4
Added Pin To Net: NetName=BATVCC Pin=P?-1
Added Pin To Net: NetName=GND Pin=P?-2
Added Pin To Net: NetName=NetQ1_1 Pin=Q1-1
Added Pin To Net: NetName=GND Pin=Q1-2
Added Pin To Net: NetName=BC28_RESET Pin=Q1-3
Added Pin To Net: NetName=RESET Pin=R1-1
Added Pin To Net: NetName=VCC_STM32 Pin=R1-2
Added Pin To Net: NetName=VCC_STM32 Pin=R2-1
Added Pin To Net: NetName=NetD1_A Pin=R2-2
Added Pin To Net: NetName=VCC_STM32 Pin=R3-1
Added Pin To Net: NetName=NetD2_A Pin=R3-2
Added Pin To Net: NetName=GND Pin=R4-1
Added Pin To Net: NetName=WAKE Pin=R4-2
Added Pin To Net: NetName=STM32_RESET Pin=R5-1
Added Pin To Net: NetName=NetQ1_1 Pin=R5-2
Added Pin To Net: NetName=NetQ1_1 Pin=R6-1
Added Pin To Net: NetName=GND Pin=R6-2
Added Pin To Net: NetName=VCC_STM32 Pin=R7-2
Added Pin To Net: NetName=BC28_RX Pin=R8-1
Added Pin To Net: NetName=VDD_EXT Pin=R8-2
Added Pin To Net: NetName=BC28_RX Pin=R9-1
Added Pin To Net: NetName=STM32_TX Pin=R9-2
Added Pin To Net: NetName=BC28_TX Pin=R10-1
Added Pin To Net: NetName=STM32_RX Pin=R10-2
Added Pin To Net: NetName=GND Pin=R11-1
Added Pin To Net: NetName=DY_EN Pin=R11-2
Added Pin To Net: NetName=GND Pin=R12-1
Added Pin To Net: NetName=NetC23_2 Pin=R12-2
Added Pin To Net: NetName=SIM_DATA Pin=R13-1
Added Pin To Net: NetName=SIM_VCC Pin=R13-2
Added Pin To Net: NetName=SIM_RST Pin=R14-1
Added Pin To Net: NetName=NetC27_2 Pin=R14-2
Added Pin To Net: NetName=SIM_CLK Pin=R15-1
Added Pin To Net: NetName=NetC25_2 Pin=R15-2
Added Pin To Net: NetName=SIM_DATA Pin=R16-1
Added Pin To Net: NetName=NetC29_1 Pin=R17-1
Added Pin To Net: NetName=TEVS_VCC Pin=R17-2
Added Pin To Net: NetName=GND Pin=R18-1
Added Pin To Net: NetName=NetC29_1 Pin=R18-2
Added Pin To Net: NetName=SIM_VCC Pin=SIM1-1
Added Pin To Net: NetName=NetC27_2 Pin=SIM1-2
Added Pin To Net: NetName=NetC25_2 Pin=SIM1-3
Added Pin To Net: NetName=SIM_GND Pin=SIM1-4
Added Pin To Net: NetName=VCC_STM32 Pin=U1-1
Added Pin To Net: NetName=WAKE Pin=U1-2
Added Pin To Net: NetName=NetC1_2 Pin=U1-3
Added Pin To Net: NetName=NetC2_2 Pin=U1-4
Added Pin To Net: NetName=RESET Pin=U1-7
Added Pin To Net: NetName=GND Pin=U1-8
Added Pin To Net: NetName=VCC_STM32 Pin=U1-9
Added Pin To Net: NetName=WAKE Pin=U1-10
Added Pin To Net: NetName=DY_EN Pin=U1-11
Added Pin To Net: NetName=BLUE_LED Pin=U1-14
Added Pin To Net: NetName=RED_LED Pin=U1-15
Added Pin To Net: NetName=STM32_TX Pin=U1-21
Added Pin To Net: NetName=STM32_RX Pin=U1-22
Added Pin To Net: NetName=GND Pin=U1-23
Added Pin To Net: NetName=VCC_STM32 Pin=U1-24
Added Pin To Net: NetName=STM32_RESET Pin=U1-25
Added Pin To Net: NetName=STM32_DTX Pin=U1-30
Added Pin To Net: NetName=STM32_DRX Pin=U1-31
Added Pin To Net: NetName=SWDIO Pin=U1-34
Added Pin To Net: NetName=GND Pin=U1-35
Added Pin To Net: NetName=VCC_STM32 Pin=U1-36
Added Pin To Net: NetName=SWCLK Pin=U1-37
Added Pin To Net: NetName=GND Pin=U1-44
Added Pin To Net: NetName=GND Pin=U1-47
Added Pin To Net: NetName=VCC_STM32 Pin=U1-48
Added Pin To Net: NetName=GND Pin=U2-1
Added Pin To Net: NetName=SIM_GND Pin=U2-10
Added Pin To Net: NetName=SIM_DATA Pin=U2-11
Added Pin To Net: NetName=SIM_RST Pin=U2-12
Added Pin To Net: NetName=SIM_CLK Pin=U2-13
Added Pin To Net: NetName=SIM_VCC Pin=U2-14
Added Pin To Net: NetName=BC28_RESET Pin=U2-15
Added Pin To Net: NetName=BC28_RX Pin=U2-17
Added Pin To Net: NetName=BC28_TX Pin=U2-18
Added Pin To Net: NetName=VDD_EXT Pin=U2-24
Added Pin To Net: NetName=GND Pin=U2-27
Added Pin To Net: NetName=GND Pin=U2-34
Added Pin To Net: NetName=NetJ1_1 Pin=U2-35
Added Pin To Net: NetName=GND Pin=U2-36
Added Pin To Net: NetName=GND Pin=U2-37
Added Pin To Net: NetName=RXD_DBG Pin=U2-38
Added Pin To Net: NetName=TXD_DBG Pin=U2-39
Added Pin To Net: NetName=GND Pin=U2-40
Added Pin To Net: NetName=GND Pin=U2-41
Added Pin To Net: NetName=VCC_BC28 Pin=U2-42
Added Pin To Net: NetName=VCC_BC28 Pin=U2-43
Added Pin To Net: NetName=GND Pin=U3-0
Added Pin To Net: NetName=GND Pin=U3-1
Added Pin To Net: NetName=BATVCC Pin=U3-2
Added Pin To Net: NetName=NetC22_2 Pin=U3-3
Added Pin To Net: NetName=DY_EN Pin=U3-5
Added Pin To Net: NetName=NetC23_2 Pin=U3-6
Added Pin To Net: NetName=NetC29_1 Pin=U3-7
Added Pin To Net: NetName=TEVS_VCC Pin=U3-8
Added Pin To Net: NetName=NetL1_2 Pin=U3-9
Added Pin To Net: NetName=SIM_GND Pin=U4-1
Added Pin To Net: NetName=NetC25_2 Pin=U4-6
Added Pin To Net: NetName=NetC27_2 Pin=U4-7
Added Pin To Net: NetName=SIM_VCC Pin=U4-8
Added Pin To Net: NetName=GND Pin=VR1-1
Added Pin To Net: NetName=VCC_STM32 Pin=VR1-2
Added Pin To Net: NetName=BATVCC Pin=VR1-3
Added Pin To Net: NetName=NetC2_2 Pin=Y1-1
Added Pin To Net: NetName=NetC1_2 Pin=Y1-2
Added Pin To Net: NetName=NetC4_1 Pin=C4-1
Added Pin To Net: NetName=NetC4_1 Pin=U1-6
Added Pin To Net: NetName=NetC4_1 Pin=Y2-3
Added Net: Name=NetC4_1
Added Pin To Net: NetName=NetC5_1 Pin=C5-1
Added Pin To Net: NetName=NetC5_1 Pin=U1-5
Added Pin To Net: NetName=NetC5_1 Pin=Y2-1
Added Net: Name=NetC5_1
Added Pin To Net: NetName=NetC11_2 Pin=C11-2
Added Pin To Net: NetName=NetC11_2 Pin=R7-1
Added Net: Name=NetC11_2
Added Pin To Net: NetName=NetC22_1 Pin=C22-1
Added Pin To Net: NetName=NetC22_1 Pin=U3-4
Added Net: Name=NetC22_1
Added Pin To Net: NetName=NetC24_2 Pin=C24-2
Added Pin To Net: NetName=NetC24_2 Pin=R16-2
Added Pin To Net: NetName=NetC24_2 Pin=SIM1-6
Added Pin To Net: NetName=NetC24_2 Pin=U4-3
Added Net: Name=NetC24_2
Added Pin To Net: NetName=NetC28_1 Pin=C28-1
Added Pin To Net: NetName=NetC28_1 Pin=U3-10
Added Net: Name=NetC28_1
Added Pin To Net: NetName=PWRKEY Pin=U2-7
Added Net: Name=PWRKEY
Added Member To Class: ClassName=JDDZ Member=Component C1 20pF (200) 5% 50V
Added Member To Class: ClassName=JDDZ Member=Component C2 20pF (200) 5% 50V
Added Member To Class: ClassName=JDDZ Member=Component C3 100nF (104) 10% 16V
Added Member To Class: ClassName=JDDZ Member=Component C4 12pF (120) 5% 50V
Added Member To Class: ClassName=JDDZ Member=Component C5 12pF (120) 5% 50V
Added Member To Class: ClassName=JDDZ Member=Component C6 100nF (104) 10% 16V
Added Member To Class: ClassName=JDDZ Member=Component C7 100uF (107) ±10% 6.3V
Added Member To Class: ClassName=JDDZ Member=Component C8 100nF (104) 10% 16V
Added Member To Class: ClassName=JDDZ Member=Component C9 100nF (104) 10% 16V
Added Member To Class: ClassName=JDDZ Member=Component C10 100nF (104) 10% 16V
Added Member To Class: ClassName=JDDZ Member=Component C11 100nF (104) 10% 16V
Added Member To Class: ClassName=JDDZ Member=Component C12 100nF (104) 10% 16V
Added Member To Class: ClassName=JDDZ Member=Component C13 100nF (104) 10% 16V
Added Member To Class: ClassName=JDDZ Member=Component C14 100nF (104) 10% 16V
Added Member To Class: ClassName=JDDZ Member=Component C15 22pF (220) 5% 50V
Added Member To Class: ClassName=JDDZ Member=Component C16 10uF (106) 10% 25V
Added Member To Class: ClassName=JDDZ Member=Component C17 100uF (107) ±10% 6.3V
Added Member To Class: ClassName=JDDZ Member=Component C18 10uF (106) 10% 10V
Added Member To Class: ClassName=JDDZ Member=Component C19 10uF (106) 10% 50V
Added Member To Class: ClassName=JDDZ Member=Component C20 100uF (107) ±10% 6.3V
Added Member To Class: ClassName=JDDZ Member=Component C21 4.7uF (475) 20% 10V
Added Member To Class: ClassName=JDDZ Member=Component C22 100nF (104) 10% 16V
Added Member To Class: ClassName=JDDZ Member=Component C23 1.0uF (105) 10% 25V
Added Member To Class: ClassName=JDDZ Member=Component C24 33pF (330) 5% 50V
Added Member To Class: ClassName=JDDZ Member=Component C25 33pF (330) 5% 50V
Added Member To Class: ClassName=JDDZ Member=Component C26 100nF (104) 10% 16V
Added Member To Class: ClassName=JDDZ Member=Component C27 33pF (330) 5% 50V
Added Member To Class: ClassName=JDDZ Member=Component C28 100nF (104) 10% 16V
Added Member To Class: ClassName=JDDZ Member=Component C29 10nF (103) 10% 50V
Added Member To Class: ClassName=JDDZ Member=Component C30 100uF (107) ±10% 10V
Added Member To Class: ClassName=JDDZ Member=Component D1 绿灯 0603
Added Member To Class: ClassName=JDDZ Member=Component D2 红灯 0603
Added Member To Class: ClassName=JDDZ Member=Component D3 SMAJ5.0A
Added Member To Class: ClassName=JDDZ Member=Component J1 SMB
Added Member To Class: ClassName=JDDZ Member=Component L1 10uH ±10%
Added Member To Class: ClassName=JDDZ Member=Component P1 Header 4
Added Member To Class: ClassName=JDDZ Member=Component P2 Header 2
Added Member To Class: ClassName=JDDZ Member=Component P3 Header 4
Added Member To Class: ClassName=JDDZ Member=Component P4 Header 4
Added Member To Class: ClassName=JDDZ Member=Component P5 Header 4
Added Member To Class: ClassName=JDDZ Member=Component P? Header 2
Added Member To Class: ClassName=JDDZ Member=Component Q1 SS8050 Y1
Added Member To Class: ClassName=JDDZ Member=Component R1 47KΩ (4702) ±1%
Added Member To Class: ClassName=JDDZ Member=Component R2 1KΩ (1001) ±1%
Added Member To Class: ClassName=JDDZ Member=Component R3 1KΩ (1001) ±1%
Added Member To Class: ClassName=JDDZ Member=Component R4 4.7KΩ (4701) ±1%
Added Member To Class: ClassName=JDDZ Member=Component R5 4.7KΩ (4701) ±1%
Added Member To Class: ClassName=JDDZ Member=Component R6 47KΩ (4702) ±1%
Added Member To Class: ClassName=JDDZ Member=Component R7 100Ω (1000) ±1%
Added Member To Class: ClassName=JDDZ Member=Component R8 1MΩ (1004) ±1%
Added Member To Class: ClassName=JDDZ Member=Component R9 1KΩ (1001) ±1%
Added Member To Class: ClassName=JDDZ Member=Component R10 1KΩ (1001) ±1%
Added Member To Class: ClassName=JDDZ Member=Component R11 10KΩ (1002) ±1%
Added Member To Class: ClassName=JDDZ Member=Component R12 200KΩ (2003) ±1%
Added Member To Class: ClassName=JDDZ Member=Component R13 10KΩ (1002) ±1%
Added Member To Class: ClassName=JDDZ Member=Component R14 22Ω (22R0) ±1%
Added Member To Class: ClassName=JDDZ Member=Component R15 22Ω (22R0) ±1%
Added Member To Class: ClassName=JDDZ Member=Component R16 22Ω (22R0) ±1%
Added Member To Class: ClassName=JDDZ Member=Component R17 100KΩ (1003) ±1%
Added Member To Class: ClassName=JDDZ Member=Component R18 10KΩ (1002) ±1%
Added Member To Class: ClassName=JDDZ Member=Component SIM1 SIM_CARD
Added Member To Class: ClassName=JDDZ Member=Component U1 STM32L151C8T6
Added Member To Class: ClassName=JDDZ Member=Component U2 BC26/28
Added Member To Class: ClassName=JDDZ Member=Component U3 TPS61093DSKR
Added Member To Class: ClassName=JDDZ Member=Component U4 SIM-SMT
Added Member To Class: ClassName=JDDZ Member=Component VR1 XC6206P332MR
Added Member To Class: ClassName=JDDZ Member=Component Y1 32.768KHz ±20ppm 12.5pF
Added Member To Class: ClassName=JDDZ Member=Component Y2 16MHZ 9PF 10PPM
Added Room: Name=JDDZ
