Removed Pin From Net: NetName=WAKE Pin=U1-10
Added Component: Designator=C18(0603_C)
Add component. Clean all parameters for all variants
Add component (AddParameter): Name = "ComponentLink1Description"; Value = "供应商链接"; VariantName = "[No Variations]"
Add component (AddParameter): Name = "ComponentLink1URL"; Value = "http://www.szlcsc.com/product/details_20411.html"; VariantName = "[No Variations]"
Add component (AddParameter): Name = "Package"; Value = "0603"; VariantName = "[No Variations]"
Add component (AddParameter): Name = "Supplier"; Value = "LC"; VariantName = "[No Variations]"
Add component (AddParameter): Name = "SuppliersPartNumber"; Value = "C19702"; VariantName = "[No Variations]"
Added Component: Designator=P1(HDR1X4)
Add component. Clean all parameters for all variants
Add component (AddParameter): Name = "LatestRevisionDate"; Value = "17-Jul-2002"; VariantName = "[No Variations]"
Add component (AddParameter): Name = "LatestRevisionNote"; Value = "Re-released for DXP Platform."; VariantName = "[No Variations]"
Add component (AddParameter): Name = "Publisher"; Value = "Altium Limited"; VariantName = "[No Variations]"
Added Pin To Net: NetName=GND Pin=C18-1
Added Pin To Net: NetName=BATVCC Pin=C18-2
Added Pin To Net: NetName=GND Pin=P1-1
Added Pin To Net: NetName=STM32_DRX Pin=P1-2
Added Pin To Net: NetName=STM32_DTX Pin=P1-3
Added Pin To Net: NetName=VCC_STM32 Pin=P1-4
Added Pin To Net: NetName=WAKE Pin=U1-2
Added Member To Class: ClassName=JDDZ Member=Component C18 10uF (106) 10% 10V
Added Member To Class: ClassName=JDDZ Member=Component P1 Header 4
Added Room: Name=JDDZ
